<?xml version="1.0" encoding="UTF-8"?>
<testsuite xmlns:xsi="http://www.w3.org/2001/XMLSchema-instance" xsi:noNamespaceSchemaLocation="https://maven.apache.org/surefire/maven-surefire-plugin/xsd/surefire-test-report-3.0.xsd" version="3.0" name="com.shaofengLi.MedicalPlan.MedicalPlanApplicationTests" time="2.374" tests="1" errors="0" skipped="0" failures="0">
  <properties>
    <property name="java.specification.version" value="19"/>
    <property name="sun.jnu.encoding" value="UTF-8"/>
    <property name="java.class.path" value="/Users/shelton/Documents/my-class/INFO7255/INFO7255/MedicalPlan/target/test-classes:/Users/shelton/Documents/my-class/INFO7255/INFO7255/MedicalPlan/target/classes:/Users/shelton/.m2/repository/org/springframework/boot/spring-boot-starter-data-redis/3.1.4/spring-boot-starter-data-redis-3.1.4.jar:/Users/shelton/.m2/repository/org/springframework/boot/spring-boot-starter/3.1.4/spring-boot-starter-3.1.4.jar:/Users/shelton/.m2/repository/org/springframework/boot/spring-boot/3.1.4/spring-boot-3.1.4.jar:/Users/shelton/.m2/repository/org/springframework/boot/spring-boot-autoconfigure/3.1.4/spring-boot-autoconfigure-3.1.4.jar:/Users/shelton/.m2/repository/org/springframework/boot/spring-boot-starter-logging/3.1.4/spring-boot-starter-logging-3.1.4.jar:/Users/shelton/.m2/repository/ch/qos/logback/logback-classic/1.4.11/logback-classic-1.4.11.jar:/Users/shelton/.m2/repository/ch/qos/logback/logback-core/1.4.11/logback-core-1.4.11.jar:/Users/shelton/.m2/repository/org/apache/logging/log4j/log4j-to-slf4j/2.20.0/log4j-to-slf4j-2.20.0.jar:/Users/shelton/.m2/repository/org/slf4j/jul-to-slf4j/2.0.9/jul-to-slf4j-2.0.9.jar:/Users/shelton/.m2/repository/jakarta/annotation/jakarta.annotation-api/2.1.1/jakarta.annotation-api-2.1.1.jar:/Users/shelton/.m2/repository/org/yaml/snakeyaml/1.33/snakeyaml-1.33.jar:/Users/shelton/.m2/repository/org/springframework/data/spring-data-redis/3.1.4/spring-data-redis-3.1.4.jar:/Users/shelton/.m2/repository/org/springframework/data/spring-data-keyvalue/3.1.4/spring-data-keyvalue-3.1.4.jar:/Users/shelton/.m2/repository/org/springframework/spring-oxm/6.0.12/spring-oxm-6.0.12.jar:/Users/shelton/.m2/repository/org/springframework/spring-context-support/6.0.12/spring-context-support-6.0.12.jar:/Users/shelton/.m2/repository/io/lettuce/lettuce-core/6.2.6.RELEASE/lettuce-core-6.2.6.RELEASE.jar:/Users/shelton/.m2/repository/io/netty/netty-common/4.1.97.Final/netty-common-4.1.97.Final.jar:/Users/shelton/.m2/repository/io/netty/netty-handler/4.1.97.Final/netty-handler-4.1.97.Final.jar:/Users/shelton/.m2/repository/io/netty/netty-transport-native-unix-common/4.1.97.Final/netty-transport-native-unix-common-4.1.97.Final.jar:/Users/shelton/.m2/repository/io/netty/netty-transport/4.1.97.Final/netty-transport-4.1.97.Final.jar:/Users/shelton/.m2/repository/io/projectreactor/reactor-core/3.5.10/reactor-core-3.5.10.jar:/Users/shelton/.m2/repository/org/reactivestreams/reactive-streams/1.0.4/reactive-streams-1.0.4.jar:/Users/shelton/.m2/repository/org/springframework/boot/spring-boot-starter-web/3.1.4/spring-boot-starter-web-3.1.4.jar:/Users/shelton/.m2/repository/org/springframework/boot/spring-boot-starter-json/3.1.4/spring-boot-starter-json-3.1.4.jar:/Users/shelton/.m2/repository/com/fasterxml/jackson/datatype/jackson-datatype-jdk8/2.15.2/jackson-datatype-jdk8-2.15.2.jar:/Users/shelton/.m2/repository/com/fasterxml/jackson/datatype/jackson-datatype-jsr310/2.15.2/jackson-datatype-jsr310-2.15.2.jar:/Users/shelton/.m2/repository/com/fasterxml/jackson/module/jackson-module-parameter-names/2.15.2/jackson-module-parameter-names-2.15.2.jar:/Users/shelton/.m2/repository/org/springframework/boot/spring-boot-starter-tomcat/3.1.4/spring-boot-starter-tomcat-3.1.4.jar:/Users/shelton/.m2/repository/org/apache/tomcat/embed/tomcat-embed-core/10.1.13/tomcat-embed-core-10.1.13.jar:/Users/shelton/.m2/repository/org/apache/tomcat/embed/tomcat-embed-el/10.1.13/tomcat-embed-el-10.1.13.jar:/Users/shelton/.m2/repository/org/apache/tomcat/embed/tomcat-embed-websocket/10.1.13/tomcat-embed-websocket-10.1.13.jar:/Users/shelton/.m2/repository/org/springframework/spring-web/6.0.12/spring-web-6.0.12.jar:/Users/shelton/.m2/repository/org/springframework/spring-beans/6.0.12/spring-beans-6.0.12.jar:/Users/shelton/.m2/repository/io/micrometer/micrometer-observation/1.11.4/micrometer-observation-1.11.4.jar:/Users/shelton/.m2/repository/io/micrometer/micrometer-commons/1.11.4/micrometer-commons-1.11.4.jar:/Users/shelton/.m2/repository/org/springframework/spring-webmvc/6.0.12/spring-webmvc-6.0.12.jar:/Users/shelton/.m2/repository/org/springframework/spring-expression/6.0.12/spring-expression-6.0.12.jar:/Users/shelton/.m2/repository/org/springframework/boot/spring-boot-starter-oauth2-resource-server/2.4.12/spring-boot-starter-oauth2-resource-server-2.4.12.jar:/Users/shelton/.m2/repository/org/springframework/security/spring-security-config/6.1.4/spring-security-config-6.1.4.jar:/Users/shelton/.m2/repository/org/springframework/security/spring-security-core/6.1.4/spring-security-core-6.1.4.jar:/Users/shelton/.m2/repository/org/springframework/security/spring-security-crypto/6.1.4/spring-security-crypto-6.1.4.jar:/Users/shelton/.m2/repository/org/springframework/security/spring-security-oauth2-resource-server/6.1.4/spring-security-oauth2-resource-server-6.1.4.jar:/Users/shelton/.m2/repository/org/springframework/security/spring-security-oauth2-core/6.1.4/spring-security-oauth2-core-6.1.4.jar:/Users/shelton/.m2/repository/org/springframework/security/spring-security-oauth2-jose/6.1.4/spring-security-oauth2-jose-6.1.4.jar:/Users/shelton/.m2/repository/com/nimbusds/nimbus-jose-jwt/9.31/nimbus-jose-jwt-9.31.jar:/Users/shelton/.m2/repository/com/github/stephenc/jcip/jcip-annotations/1.0-1/jcip-annotations-1.0-1.jar:/Users/shelton/.m2/repository/org/projectlombok/lombok/1.18.30/lombok-1.18.30.jar:/Users/shelton/.m2/repository/org/springframework/boot/spring-boot-starter-test/3.1.4/spring-boot-starter-test-3.1.4.jar:/Users/shelton/.m2/repository/org/springframework/boot/spring-boot-test/3.1.4/spring-boot-test-3.1.4.jar:/Users/shelton/.m2/repository/org/springframework/boot/spring-boot-test-autoconfigure/3.1.4/spring-boot-test-autoconfigure-3.1.4.jar:/Users/shelton/.m2/repository/com/jayway/jsonpath/json-path/2.8.0/json-path-2.8.0.jar:/Users/shelton/.m2/repository/jakarta/xml/bind/jakarta.xml.bind-api/4.0.1/jakarta.xml.bind-api-4.0.1.jar:/Users/shelton/.m2/repository/jakarta/activation/jakarta.activation-api/2.1.2/jakarta.activation-api-2.1.2.jar:/Users/shelton/.m2/repository/net/minidev/json-smart/2.4.11/json-smart-2.4.11.jar:/Users/shelton/.m2/repository/net/minidev/accessors-smart/2.4.11/accessors-smart-2.4.11.jar:/Users/shelton/.m2/repository/org/ow2/asm/asm/9.3/asm-9.3.jar:/Users/shelton/.m2/repository/org/assertj/assertj-core/3.24.2/assertj-core-3.24.2.jar:/Users/shelton/.m2/repository/net/bytebuddy/byte-buddy/1.14.8/byte-buddy-1.14.8.jar:/Users/shelton/.m2/repository/org/hamcrest/hamcrest/2.2/hamcrest-2.2.jar:/Users/shelton/.m2/repository/org/junit/jupiter/junit-jupiter/5.9.3/junit-jupiter-5.9.3.jar:/Users/shelton/.m2/repository/org/junit/jupiter/junit-jupiter-api/5.9.3/junit-jupiter-api-5.9.3.jar:/Users/shelton/.m2/repository/org/opentest4j/opentest4j/1.2.0/opentest4j-1.2.0.jar:/Users/shelton/.m2/repository/org/junit/platform/junit-platform-commons/1.9.3/junit-platform-commons-1.9.3.jar:/Users/shelton/.m2/repository/org/apiguardian/apiguardian-api/1.1.2/apiguardian-api-1.1.2.jar:/Users/shelton/.m2/repository/org/junit/jupiter/junit-jupiter-params/5.9.3/junit-jupiter-params-5.9.3.jar:/Users/shelton/.m2/repository/org/junit/jupiter/junit-jupiter-engine/5.9.3/junit-jupiter-engine-5.9.3.jar:/Users/shelton/.m2/repository/org/junit/platform/junit-platform-engine/1.9.3/junit-platform-engine-1.9.3.jar:/Users/shelton/.m2/repository/org/mockito/mockito-core/5.3.1/mockito-core-5.3.1.jar:/Users/shelton/.m2/repository/net/bytebuddy/byte-buddy-agent/1.14.8/byte-buddy-agent-1.14.8.jar:/Users/shelton/.m2/repository/org/objenesis/objenesis/3.3/objenesis-3.3.jar:/Users/shelton/.m2/repository/org/mockito/mockito-junit-jupiter/5.3.1/mockito-junit-jupiter-5.3.1.jar:/Users/shelton/.m2/repository/org/skyscreamer/jsonassert/1.5.1/jsonassert-1.5.1.jar:/Users/shelton/.m2/repository/com/vaadin/external/google/android-json/0.0.20131108.vaadin1/android-json-0.0.20131108.vaadin1.jar:/Users/shelton/.m2/repository/org/springframework/spring-core/6.0.12/spring-core-6.0.12.jar:/Users/shelton/.m2/repository/org/springframework/spring-jcl/6.0.12/spring-jcl-6.0.12.jar:/Users/shelton/.m2/repository/org/springframework/spring-test/6.0.12/spring-test-6.0.12.jar:/Users/shelton/.m2/repository/org/xmlunit/xmlunit-core/2.9.1/xmlunit-core-2.9.1.jar:/Users/shelton/.m2/repository/redis/clients/jedis/4.3.1/jedis-4.3.1.jar:/Users/shelton/.m2/repository/org/slf4j/slf4j-api/2.0.9/slf4j-api-2.0.9.jar:/Users/shelton/.m2/repository/org/apache/commons/commons-pool2/2.11.1/commons-pool2-2.11.1.jar:/Users/shelton/.m2/repository/org/json/json/20220320/json-20220320.jar:/Users/shelton/.m2/repository/com/google/code/gson/gson/2.10.1/gson-2.10.1.jar:/Users/shelton/.m2/repository/com/github/erosb/everit-json-schema/1.14.2/everit-json-schema-1.14.2.jar:/Users/shelton/.m2/repository/commons-validator/commons-validator/1.7/commons-validator-1.7.jar:/Users/shelton/.m2/repository/commons-digester/commons-digester/2.1/commons-digester-2.1.jar:/Users/shelton/.m2/repository/commons-logging/commons-logging/1.2/commons-logging-1.2.jar:/Users/shelton/.m2/repository/commons-collections/commons-collections/3.2.2/commons-collections-3.2.2.jar:/Users/shelton/.m2/repository/com/damnhandy/handy-uri-templates/2.1.8/handy-uri-templates-2.1.8.jar:/Users/shelton/.m2/repository/joda-time/joda-time/2.10.2/joda-time-2.10.2.jar:/Users/shelton/.m2/repository/com/google/re2j/re2j/1.6/re2j-1.6.jar:/Users/shelton/.m2/repository/org/springframework/boot/spring-boot-starter-security/3.1.4/spring-boot-starter-security-3.1.4.jar:/Users/shelton/.m2/repository/org/springframework/spring-aop/6.0.12/spring-aop-6.0.12.jar:/Users/shelton/.m2/repository/org/springframework/security/spring-security-web/6.1.4/spring-security-web-6.1.4.jar:/Users/shelton/.m2/repository/org/springframework/boot/spring-boot-starter-data-elasticsearch/3.1.4/spring-boot-starter-data-elasticsearch-3.1.4.jar:/Users/shelton/.m2/repository/org/elasticsearch/client/elasticsearch-rest-client/8.11.1/elasticsearch-rest-client-8.11.1.jar:/Users/shelton/.m2/repository/org/apache/httpcomponents/httpclient/4.5.13/httpclient-4.5.13.jar:/Users/shelton/.m2/repository/org/apache/httpcomponents/httpcore/4.4.16/httpcore-4.4.16.jar:/Users/shelton/.m2/repository/org/apache/httpcomponents/httpasyncclient/4.1.5/httpasyncclient-4.1.5.jar:/Users/shelton/.m2/repository/org/apache/httpcomponents/httpcore-nio/4.4.16/httpcore-nio-4.4.16.jar:/Users/shelton/.m2/repository/commons-codec/commons-codec/1.15/commons-codec-1.15.jar:/Users/shelton/.m2/repository/com/rabbitmq/amqp-client/5.20.0/amqp-client-5.20.0.jar:/Users/shelton/.m2/repository/org/springframework/boot/spring-boot-starter-amqp/3.1.4/spring-boot-starter-amqp-3.1.4.jar:/Users/shelton/.m2/repository/org/springframework/spring-messaging/6.0.12/spring-messaging-6.0.12.jar:/Users/shelton/.m2/repository/org/springframework/amqp/spring-rabbit/3.0.9/spring-rabbit-3.0.9.jar:/Users/shelton/.m2/repository/org/springframework/amqp/spring-amqp/3.0.9/spring-amqp-3.0.9.jar:/Users/shelton/.m2/repository/org/springframework/retry/spring-retry/2.0.3/spring-retry-2.0.3.jar:/Users/shelton/.m2/repository/org/elasticsearch/client/elasticsearch-rest-high-level-client/7.12.0/elasticsearch-rest-high-level-client-7.12.0.jar:/Users/shelton/.m2/repository/org/elasticsearch/elasticsearch/7.12.0/elasticsearch-7.12.0.jar:/Users/shelton/.m2/repository/org/elasticsearch/elasticsearch-core/7.12.0/elasticsearch-core-7.12.0.jar:/Users/shelton/.m2/repository/org/elasticsearch/elasticsearch-secure-sm/7.12.0/elasticsearch-secure-sm-7.12.0.jar:/Users/shelton/.m2/repository/org/elasticsearch/elasticsearch-x-content/7.12.0/elasticsearch-x-content-7.12.0.jar:/Users/shelton/.m2/repository/com/fasterxml/jackson/dataformat/jackson-dataformat-smile/2.15.2/jackson-dataformat-smile-2.15.2.jar:/Users/shelton/.m2/repository/com/fasterxml/jackson/dataformat/jackson-dataformat-yaml/2.15.2/jackson-dataformat-yaml-2.15.2.jar:/Users/shelton/.m2/repository/com/fasterxml/jackson/dataformat/jackson-dataformat-cbor/2.15.2/jackson-dataformat-cbor-2.15.2.jar:/Users/shelton/.m2/repository/org/elasticsearch/elasticsearch-geo/7.12.0/elasticsearch-geo-7.12.0.jar:/Users/shelton/.m2/repository/org/apache/lucene/lucene-core/8.8.0/lucene-core-8.8.0.jar:/Users/shelton/.m2/repository/org/apache/lucene/lucene-analyzers-common/8.8.0/lucene-analyzers-common-8.8.0.jar:/Users/shelton/.m2/repository/org/apache/lucene/lucene-backward-codecs/8.8.0/lucene-backward-codecs-8.8.0.jar:/Users/shelton/.m2/repository/org/apache/lucene/lucene-grouping/8.8.0/lucene-grouping-8.8.0.jar:/Users/shelton/.m2/repository/org/apache/lucene/lucene-highlighter/8.8.0/lucene-highlighter-8.8.0.jar:/Users/shelton/.m2/repository/org/apache/lucene/lucene-join/8.8.0/lucene-join-8.8.0.jar:/Users/shelton/.m2/repository/org/apache/lucene/lucene-memory/8.8.0/lucene-memory-8.8.0.jar:/Users/shelton/.m2/repository/org/apache/lucene/lucene-misc/8.8.0/lucene-misc-8.8.0.jar:/Users/shelton/.m2/repository/org/apache/lucene/lucene-queries/8.8.0/lucene-queries-8.8.0.jar:/Users/shelton/.m2/repository/org/apache/lucene/lucene-queryparser/8.8.0/lucene-queryparser-8.8.0.jar:/Users/shelton/.m2/repository/org/apache/lucene/lucene-sandbox/8.8.0/lucene-sandbox-8.8.0.jar:/Users/shelton/.m2/repository/org/apache/lucene/lucene-spatial-extras/8.8.0/lucene-spatial-extras-8.8.0.jar:/Users/shelton/.m2/repository/org/apache/lucene/lucene-spatial3d/8.8.0/lucene-spatial3d-8.8.0.jar:/Users/shelton/.m2/repository/org/apache/lucene/lucene-suggest/8.8.0/lucene-suggest-8.8.0.jar:/Users/shelton/.m2/repository/org/elasticsearch/elasticsearch-cli/7.12.0/elasticsearch-cli-7.12.0.jar:/Users/shelton/.m2/repository/net/sf/jopt-simple/jopt-simple/5.0.2/jopt-simple-5.0.2.jar:/Users/shelton/.m2/repository/com/carrotsearch/hppc/0.8.1/hppc-0.8.1.jar:/Users/shelton/.m2/repository/com/tdunning/t-digest/3.2/t-digest-3.2.jar:/Users/shelton/.m2/repository/org/hdrhistogram/HdrHistogram/2.1.9/HdrHistogram-2.1.9.jar:/Users/shelton/.m2/repository/org/apache/logging/log4j/log4j-api/2.20.0/log4j-api-2.20.0.jar:/Users/shelton/.m2/repository/org/elasticsearch/jna/5.7.0-1/jna-5.7.0-1.jar:/Users/shelton/.m2/repository/org/elasticsearch/elasticsearch-plugin-classloader/7.12.0/elasticsearch-plugin-classloader-7.12.0.jar:/Users/shelton/.m2/repository/org/elasticsearch/plugin/mapper-extras-client/7.12.0/mapper-extras-client-7.12.0.jar:/Users/shelton/.m2/repository/org/elasticsearch/plugin/parent-join-client/7.12.0/parent-join-client-7.12.0.jar:/Users/shelton/.m2/repository/org/elasticsearch/plugin/aggs-matrix-stats-client/7.12.0/aggs-matrix-stats-client-7.12.0.jar:/Users/shelton/.m2/repository/org/elasticsearch/plugin/rank-eval-client/7.12.0/rank-eval-client-7.12.0.jar:/Users/shelton/.m2/repository/org/elasticsearch/plugin/lang-mustache-client/7.12.0/lang-mustache-client-7.12.0.jar:/Users/shelton/.m2/repository/com/github/spullara/mustache/java/compiler/0.9.6/compiler-0.9.6.jar:/Users/shelton/.m2/repository/org/springframework/data/spring-data-elasticsearch/4.1.3/spring-data-elasticsearch-4.1.3.jar:/Users/shelton/.m2/repository/org/springframework/spring-context/6.0.12/spring-context-6.0.12.jar:/Users/shelton/.m2/repository/org/springframework/spring-tx/6.0.12/spring-tx-6.0.12.jar:/Users/shelton/.m2/repository/org/springframework/data/spring-data-commons/3.1.4/spring-data-commons-3.1.4.jar:/Users/shelton/.m2/repository/org/elasticsearch/client/transport/7.9.3/transport-7.9.3.jar:/Users/shelton/.m2/repository/org/elasticsearch/plugin/reindex-client/7.9.3/reindex-client-7.9.3.jar:/Users/shelton/.m2/repository/org/elasticsearch/elasticsearch-ssl-config/7.9.3/elasticsearch-ssl-config-7.9.3.jar:/Users/shelton/.m2/repository/org/elasticsearch/plugin/percolator-client/7.9.3/percolator-client-7.9.3.jar:/Users/shelton/.m2/repository/org/elasticsearch/plugin/transport-netty4-client/7.9.3/transport-netty4-client-7.9.3.jar:/Users/shelton/.m2/repository/io/netty/netty-buffer/4.1.97.Final/netty-buffer-4.1.97.Final.jar:/Users/shelton/.m2/repository/io/netty/netty-codec/4.1.97.Final/netty-codec-4.1.97.Final.jar:/Users/shelton/.m2/repository/io/netty/netty-codec-http/4.1.97.Final/netty-codec-http-4.1.97.Final.jar:/Users/shelton/.m2/repository/io/netty/netty-resolver/4.1.97.Final/netty-resolver-4.1.97.Final.jar:/Users/shelton/.m2/repository/com/fasterxml/jackson/core/jackson-core/2.15.2/jackson-core-2.15.2.jar:/Users/shelton/.m2/repository/com/fasterxml/jackson/core/jackson-databind/2.15.2/jackson-databind-2.15.2.jar:/Users/shelton/.m2/repository/com/fasterxml/jackson/core/jackson-annotations/2.15.2/jackson-annotations-2.15.2.jar:"/>
    <property name="java.vm.vendor" value="Oracle Corporation"/>
    <property name="sun.arch.data.model" value="64"/>
    <property name="java.vendor.url" value="https://java.oracle.com/"/>
    <property name="user.timezone" value="America/New_York"/>
    <property name="os.name" value="Mac OS X"/>
    <property name="java.vm.specification.version" value="19"/>
    <property name="sun.java.launcher" value="SUN_STANDARD"/>
    <property name="user.country" value="US"/>
    <property name="sun.boot.library.path" value="/Library/Java/JavaVirtualMachines/jdk-19.jdk/Contents/Home/lib"/>
    <property name="sun.java.command" value="/Users/shelton/Documents/my-class/INFO7255/INFO7255/MedicalPlan/target/surefire/surefirebooter-20231130175822764_3.jar /Users/shelton/Documents/my-class/INFO7255/INFO7255/MedicalPlan/target/surefire 2023-11-30T17-58-22_721-jvmRun1 surefire-20231130175822764_1tmp surefire_0-20231130175822764_2tmp"/>
    <property name="http.nonProxyHosts" value="local|*.local|169.254/16|*.169.254/16"/>
    <property name="jdk.debug" value="release"/>
    <property name="surefire.test.class.path" value="/Users/shelton/Documents/my-class/INFO7255/INFO7255/MedicalPlan/target/test-classes:/Users/shelton/Documents/my-class/INFO7255/INFO7255/MedicalPlan/target/classes:/Users/shelton/.m2/repository/org/springframework/boot/spring-boot-starter-data-redis/3.1.4/spring-boot-starter-data-redis-3.1.4.jar:/Users/shelton/.m2/repository/org/springframework/boot/spring-boot-starter/3.1.4/spring-boot-starter-3.1.4.jar:/Users/shelton/.m2/repository/org/springframework/boot/spring-boot/3.1.4/spring-boot-3.1.4.jar:/Users/shelton/.m2/repository/org/springframework/boot/spring-boot-autoconfigure/3.1.4/spring-boot-autoconfigure-3.1.4.jar:/Users/shelton/.m2/repository/org/springframework/boot/spring-boot-starter-logging/3.1.4/spring-boot-starter-logging-3.1.4.jar:/Users/shelton/.m2/repository/ch/qos/logback/logback-classic/1.4.11/logback-classic-1.4.11.jar:/Users/shelton/.m2/repository/ch/qos/logback/logback-core/1.4.11/logback-core-1.4.11.jar:/Users/shelton/.m2/repository/org/apache/logging/log4j/log4j-to-slf4j/2.20.0/log4j-to-slf4j-2.20.0.jar:/Users/shelton/.m2/repository/org/slf4j/jul-to-slf4j/2.0.9/jul-to-slf4j-2.0.9.jar:/Users/shelton/.m2/repository/jakarta/annotation/jakarta.annotation-api/2.1.1/jakarta.annotation-api-2.1.1.jar:/Users/shelton/.m2/repository/org/yaml/snakeyaml/1.33/snakeyaml-1.33.jar:/Users/shelton/.m2/repository/org/springframework/data/spring-data-redis/3.1.4/spring-data-redis-3.1.4.jar:/Users/shelton/.m2/repository/org/springframework/data/spring-data-keyvalue/3.1.4/spring-data-keyvalue-3.1.4.jar:/Users/shelton/.m2/repository/org/springframework/spring-oxm/6.0.12/spring-oxm-6.0.12.jar:/Users/shelton/.m2/repository/org/springframework/spring-context-support/6.0.12/spring-context-support-6.0.12.jar:/Users/shelton/.m2/repository/io/lettuce/lettuce-core/6.2.6.RELEASE/lettuce-core-6.2.6.RELEASE.jar:/Users/shelton/.m2/repository/io/netty/netty-common/4.1.97.Final/netty-common-4.1.97.Final.jar:/Users/shelton/.m2/repository/io/netty/netty-handler/4.1.97.Final/netty-handler-4.1.97.Final.jar:/Users/shelton/.m2/repository/io/netty/netty-transport-native-unix-common/4.1.97.Final/netty-transport-native-unix-common-4.1.97.Final.jar:/Users/shelton/.m2/repository/io/netty/netty-transport/4.1.97.Final/netty-transport-4.1.97.Final.jar:/Users/shelton/.m2/repository/io/projectreactor/reactor-core/3.5.10/reactor-core-3.5.10.jar:/Users/shelton/.m2/repository/org/reactivestreams/reactive-streams/1.0.4/reactive-streams-1.0.4.jar:/Users/shelton/.m2/repository/org/springframework/boot/spring-boot-starter-web/3.1.4/spring-boot-starter-web-3.1.4.jar:/Users/shelton/.m2/repository/org/springframework/boot/spring-boot-starter-json/3.1.4/spring-boot-starter-json-3.1.4.jar:/Users/shelton/.m2/repository/com/fasterxml/jackson/datatype/jackson-datatype-jdk8/2.15.2/jackson-datatype-jdk8-2.15.2.jar:/Users/shelton/.m2/repository/com/fasterxml/jackson/datatype/jackson-datatype-jsr310/2.15.2/jackson-datatype-jsr310-2.15.2.jar:/Users/shelton/.m2/repository/com/fasterxml/jackson/module/jackson-module-parameter-names/2.15.2/jackson-module-parameter-names-2.15.2.jar:/Users/shelton/.m2/repository/org/springframework/boot/spring-boot-starter-tomcat/3.1.4/spring-boot-starter-tomcat-3.1.4.jar:/Users/shelton/.m2/repository/org/apache/tomcat/embed/tomcat-embed-core/10.1.13/tomcat-embed-core-10.1.13.jar:/Users/shelton/.m2/repository/org/apache/tomcat/embed/tomcat-embed-el/10.1.13/tomcat-embed-el-10.1.13.jar:/Users/shelton/.m2/repository/org/apache/tomcat/embed/tomcat-embed-websocket/10.1.13/tomcat-embed-websocket-10.1.13.jar:/Users/shelton/.m2/repository/org/springframework/spring-web/6.0.12/spring-web-6.0.12.jar:/Users/shelton/.m2/repository/org/springframework/spring-beans/6.0.12/spring-beans-6.0.12.jar:/Users/shelton/.m2/repository/io/micrometer/micrometer-observation/1.11.4/micrometer-observation-1.11.4.jar:/Users/shelton/.m2/repository/io/micrometer/micrometer-commons/1.11.4/micrometer-commons-1.11.4.jar:/Users/shelton/.m2/repository/org/springframework/spring-webmvc/6.0.12/spring-webmvc-6.0.12.jar:/Users/shelton/.m2/repository/org/springframework/spring-expression/6.0.12/spring-expression-6.0.12.jar:/Users/shelton/.m2/repository/org/springframework/boot/spring-boot-starter-oauth2-resource-server/2.4.12/spring-boot-starter-oauth2-resource-server-2.4.12.jar:/Users/shelton/.m2/repository/org/springframework/security/spring-security-config/6.1.4/spring-security-config-6.1.4.jar:/Users/shelton/.m2/repository/org/springframework/security/spring-security-core/6.1.4/spring-security-core-6.1.4.jar:/Users/shelton/.m2/repository/org/springframework/security/spring-security-crypto/6.1.4/spring-security-crypto-6.1.4.jar:/Users/shelton/.m2/repository/org/springframework/security/spring-security-oauth2-resource-server/6.1.4/spring-security-oauth2-resource-server-6.1.4.jar:/Users/shelton/.m2/repository/org/springframework/security/spring-security-oauth2-core/6.1.4/spring-security-oauth2-core-6.1.4.jar:/Users/shelton/.m2/repository/org/springframework/security/spring-security-oauth2-jose/6.1.4/spring-security-oauth2-jose-6.1.4.jar:/Users/shelton/.m2/repository/com/nimbusds/nimbus-jose-jwt/9.31/nimbus-jose-jwt-9.31.jar:/Users/shelton/.m2/repository/com/github/stephenc/jcip/jcip-annotations/1.0-1/jcip-annotations-1.0-1.jar:/Users/shelton/.m2/repository/org/projectlombok/lombok/1.18.30/lombok-1.18.30.jar:/Users/shelton/.m2/repository/org/springframework/boot/spring-boot-starter-test/3.1.4/spring-boot-starter-test-3.1.4.jar:/Users/shelton/.m2/repository/org/springframework/boot/spring-boot-test/3.1.4/spring-boot-test-3.1.4.jar:/Users/shelton/.m2/repository/org/springframework/boot/spring-boot-test-autoconfigure/3.1.4/spring-boot-test-autoconfigure-3.1.4.jar:/Users/shelton/.m2/repository/com/jayway/jsonpath/json-path/2.8.0/json-path-2.8.0.jar:/Users/shelton/.m2/repository/jakarta/xml/bind/jakarta.xml.bind-api/4.0.1/jakarta.xml.bind-api-4.0.1.jar:/Users/shelton/.m2/repository/jakarta/activation/jakarta.activation-api/2.1.2/jakarta.activation-api-2.1.2.jar:/Users/shelton/.m2/repository/net/minidev/json-smart/2.4.11/json-smart-2.4.11.jar:/Users/shelton/.m2/repository/net/minidev/accessors-smart/2.4.11/accessors-smart-2.4.11.jar:/Users/shelton/.m2/repository/org/ow2/asm/asm/9.3/asm-9.3.jar:/Users/shelton/.m2/repository/org/assertj/assertj-core/3.24.2/assertj-core-3.24.2.jar:/Users/shelton/.m2/repository/net/bytebuddy/byte-buddy/1.14.8/byte-buddy-1.14.8.jar:/Users/shelton/.m2/repository/org/hamcrest/hamcrest/2.2/hamcrest-2.2.jar:/Users/shelton/.m2/repository/org/junit/jupiter/junit-jupiter/5.9.3/junit-jupiter-5.9.3.jar:/Users/shelton/.m2/repository/org/junit/jupiter/junit-jupiter-api/5.9.3/junit-jupiter-api-5.9.3.jar:/Users/shelton/.m2/repository/org/opentest4j/opentest4j/1.2.0/opentest4j-1.2.0.jar:/Users/shelton/.m2/repository/org/junit/platform/junit-platform-commons/1.9.3/junit-platform-commons-1.9.3.jar:/Users/shelton/.m2/repository/org/apiguardian/apiguardian-api/1.1.2/apiguardian-api-1.1.2.jar:/Users/shelton/.m2/repository/org/junit/jupiter/junit-jupiter-params/5.9.3/junit-jupiter-params-5.9.3.jar:/Users/shelton/.m2/repository/org/junit/jupiter/junit-jupiter-engine/5.9.3/junit-jupiter-engine-5.9.3.jar:/Users/shelton/.m2/repository/org/junit/platform/junit-platform-engine/1.9.3/junit-platform-engine-1.9.3.jar:/Users/shelton/.m2/repository/org/mockito/mockito-core/5.3.1/mockito-core-5.3.1.jar:/Users/shelton/.m2/repository/net/bytebuddy/byte-buddy-agent/1.14.8/byte-buddy-agent-1.14.8.jar:/Users/shelton/.m2/repository/org/objenesis/objenesis/3.3/objenesis-3.3.jar:/Users/shelton/.m2/repository/org/mockito/mockito-junit-jupiter/5.3.1/mockito-junit-jupiter-5.3.1.jar:/Users/shelton/.m2/repository/org/skyscreamer/jsonassert/1.5.1/jsonassert-1.5.1.jar:/Users/shelton/.m2/repository/com/vaadin/external/google/android-json/0.0.20131108.vaadin1/android-json-0.0.20131108.vaadin1.jar:/Users/shelton/.m2/repository/org/springframework/spring-core/6.0.12/spring-core-6.0.12.jar:/Users/shelton/.m2/repository/org/springframework/spring-jcl/6.0.12/spring-jcl-6.0.12.jar:/Users/shelton/.m2/repository/org/springframework/spring-test/6.0.12/spring-test-6.0.12.jar:/Users/shelton/.m2/repository/org/xmlunit/xmlunit-core/2.9.1/xmlunit-core-2.9.1.jar:/Users/shelton/.m2/repository/redis/clients/jedis/4.3.1/jedis-4.3.1.jar:/Users/shelton/.m2/repository/org/slf4j/slf4j-api/2.0.9/slf4j-api-2.0.9.jar:/Users/shelton/.m2/repository/org/apache/commons/commons-pool2/2.11.1/commons-pool2-2.11.1.jar:/Users/shelton/.m2/repository/org/json/json/20220320/json-20220320.jar:/Users/shelton/.m2/repository/com/google/code/gson/gson/2.10.1/gson-2.10.1.jar:/Users/shelton/.m2/repository/com/github/erosb/everit-json-schema/1.14.2/everit-json-schema-1.14.2.jar:/Users/shelton/.m2/repository/commons-validator/commons-validator/1.7/commons-validator-1.7.jar:/Users/shelton/.m2/repository/commons-digester/commons-digester/2.1/commons-digester-2.1.jar:/Users/shelton/.m2/repository/commons-logging/commons-logging/1.2/commons-logging-1.2.jar:/Users/shelton/.m2/repository/commons-collections/commons-collections/3.2.2/commons-collections-3.2.2.jar:/Users/shelton/.m2/repository/com/damnhandy/handy-uri-templates/2.1.8/handy-uri-templates-2.1.8.jar:/Users/shelton/.m2/repository/joda-time/joda-time/2.10.2/joda-time-2.10.2.jar:/Users/shelton/.m2/repository/com/google/re2j/re2j/1.6/re2j-1.6.jar:/Users/shelton/.m2/repository/org/springframework/boot/spring-boot-starter-security/3.1.4/spring-boot-starter-security-3.1.4.jar:/Users/shelton/.m2/repository/org/springframework/spring-aop/6.0.12/spring-aop-6.0.12.jar:/Users/shelton/.m2/repository/org/springframework/security/spring-security-web/6.1.4/spring-security-web-6.1.4.jar:/Users/shelton/.m2/repository/org/springframework/boot/spring-boot-starter-data-elasticsearch/3.1.4/spring-boot-starter-data-elasticsearch-3.1.4.jar:/Users/shelton/.m2/repository/org/elasticsearch/client/elasticsearch-rest-client/8.11.1/elasticsearch-rest-client-8.11.1.jar:/Users/shelton/.m2/repository/org/apache/httpcomponents/httpclient/4.5.13/httpclient-4.5.13.jar:/Users/shelton/.m2/repository/org/apache/httpcomponents/httpcore/4.4.16/httpcore-4.4.16.jar:/Users/shelton/.m2/repository/org/apache/httpcomponents/httpasyncclient/4.1.5/httpasyncclient-4.1.5.jar:/Users/shelton/.m2/repository/org/apache/httpcomponents/httpcore-nio/4.4.16/httpcore-nio-4.4.16.jar:/Users/shelton/.m2/repository/commons-codec/commons-codec/1.15/commons-codec-1.15.jar:/Users/shelton/.m2/repository/com/rabbitmq/amqp-client/5.20.0/amqp-client-5.20.0.jar:/Users/shelton/.m2/repository/org/springframework/boot/spring-boot-starter-amqp/3.1.4/spring-boot-starter-amqp-3.1.4.jar:/Users/shelton/.m2/repository/org/springframework/spring-messaging/6.0.12/spring-messaging-6.0.12.jar:/Users/shelton/.m2/repository/org/springframework/amqp/spring-rabbit/3.0.9/spring-rabbit-3.0.9.jar:/Users/shelton/.m2/repository/org/springframework/amqp/spring-amqp/3.0.9/spring-amqp-3.0.9.jar:/Users/shelton/.m2/repository/org/springframework/retry/spring-retry/2.0.3/spring-retry-2.0.3.jar:/Users/shelton/.m2/repository/org/elasticsearch/client/elasticsearch-rest-high-level-client/7.12.0/elasticsearch-rest-high-level-client-7.12.0.jar:/Users/shelton/.m2/repository/org/elasticsearch/elasticsearch/7.12.0/elasticsearch-7.12.0.jar:/Users/shelton/.m2/repository/org/elasticsearch/elasticsearch-core/7.12.0/elasticsearch-core-7.12.0.jar:/Users/shelton/.m2/repository/org/elasticsearch/elasticsearch-secure-sm/7.12.0/elasticsearch-secure-sm-7.12.0.jar:/Users/shelton/.m2/repository/org/elasticsearch/elasticsearch-x-content/7.12.0/elasticsearch-x-content-7.12.0.jar:/Users/shelton/.m2/repository/com/fasterxml/jackson/dataformat/jackson-dataformat-smile/2.15.2/jackson-dataformat-smile-2.15.2.jar:/Users/shelton/.m2/repository/com/fasterxml/jackson/dataformat/jackson-dataformat-yaml/2.15.2/jackson-dataformat-yaml-2.15.2.jar:/Users/shelton/.m2/repository/com/fasterxml/jackson/dataformat/jackson-dataformat-cbor/2.15.2/jackson-dataformat-cbor-2.15.2.jar:/Users/shelton/.m2/repository/org/elasticsearch/elasticsearch-geo/7.12.0/elasticsearch-geo-7.12.0.jar:/Users/shelton/.m2/repository/org/apache/lucene/lucene-core/8.8.0/lucene-core-8.8.0.jar:/Users/shelton/.m2/repository/org/apache/lucene/lucene-analyzers-common/8.8.0/lucene-analyzers-common-8.8.0.jar:/Users/shelton/.m2/repository/org/apache/lucene/lucene-backward-codecs/8.8.0/lucene-backward-codecs-8.8.0.jar:/Users/shelton/.m2/repository/org/apache/lucene/lucene-grouping/8.8.0/lucene-grouping-8.8.0.jar:/Users/shelton/.m2/repository/org/apache/lucene/lucene-highlighter/8.8.0/lucene-highlighter-8.8.0.jar:/Users/shelton/.m2/repository/org/apache/lucene/lucene-join/8.8.0/lucene-join-8.8.0.jar:/Users/shelton/.m2/repository/org/apache/lucene/lucene-memory/8.8.0/lucene-memory-8.8.0.jar:/Users/shelton/.m2/repository/org/apache/lucene/lucene-misc/8.8.0/lucene-misc-8.8.0.jar:/Users/shelton/.m2/repository/org/apache/lucene/lucene-queries/8.8.0/lucene-queries-8.8.0.jar:/Users/shelton/.m2/repository/org/apache/lucene/lucene-queryparser/8.8.0/lucene-queryparser-8.8.0.jar:/Users/shelton/.m2/repository/org/apache/lucene/lucene-sandbox/8.8.0/lucene-sandbox-8.8.0.jar:/Users/shelton/.m2/repository/org/apache/lucene/lucene-spatial-extras/8.8.0/lucene-spatial-extras-8.8.0.jar:/Users/shelton/.m2/repository/org/apache/lucene/lucene-spatial3d/8.8.0/lucene-spatial3d-8.8.0.jar:/Users/shelton/.m2/repository/org/apache/lucene/lucene-suggest/8.8.0/lucene-suggest-8.8.0.jar:/Users/shelton/.m2/repository/org/elasticsearch/elasticsearch-cli/7.12.0/elasticsearch-cli-7.12.0.jar:/Users/shelton/.m2/repository/net/sf/jopt-simple/jopt-simple/5.0.2/jopt-simple-5.0.2.jar:/Users/shelton/.m2/repository/com/carrotsearch/hppc/0.8.1/hppc-0.8.1.jar:/Users/shelton/.m2/repository/com/tdunning/t-digest/3.2/t-digest-3.2.jar:/Users/shelton/.m2/repository/org/hdrhistogram/HdrHistogram/2.1.9/HdrHistogram-2.1.9.jar:/Users/shelton/.m2/repository/org/apache/logging/log4j/log4j-api/2.20.0/log4j-api-2.20.0.jar:/Users/shelton/.m2/repository/org/elasticsearch/jna/5.7.0-1/jna-5.7.0-1.jar:/Users/shelton/.m2/repository/org/elasticsearch/elasticsearch-plugin-classloader/7.12.0/elasticsearch-plugin-classloader-7.12.0.jar:/Users/shelton/.m2/repository/org/elasticsearch/plugin/mapper-extras-client/7.12.0/mapper-extras-client-7.12.0.jar:/Users/shelton/.m2/repository/org/elasticsearch/plugin/parent-join-client/7.12.0/parent-join-client-7.12.0.jar:/Users/shelton/.m2/repository/org/elasticsearch/plugin/aggs-matrix-stats-client/7.12.0/aggs-matrix-stats-client-7.12.0.jar:/Users/shelton/.m2/repository/org/elasticsearch/plugin/rank-eval-client/7.12.0/rank-eval-client-7.12.0.jar:/Users/shelton/.m2/repository/org/elasticsearch/plugin/lang-mustache-client/7.12.0/lang-mustache-client-7.12.0.jar:/Users/shelton/.m2/repository/com/github/spullara/mustache/java/compiler/0.9.6/compiler-0.9.6.jar:/Users/shelton/.m2/repository/org/springframework/data/spring-data-elasticsearch/4.1.3/spring-data-elasticsearch-4.1.3.jar:/Users/shelton/.m2/repository/org/springframework/spring-context/6.0.12/spring-context-6.0.12.jar:/Users/shelton/.m2/repository/org/springframework/spring-tx/6.0.12/spring-tx-6.0.12.jar:/Users/shelton/.m2/repository/org/springframework/data/spring-data-commons/3.1.4/spring-data-commons-3.1.4.jar:/Users/shelton/.m2/repository/org/elasticsearch/client/transport/7.9.3/transport-7.9.3.jar:/Users/shelton/.m2/repository/org/elasticsearch/plugin/reindex-client/7.9.3/reindex-client-7.9.3.jar:/Users/shelton/.m2/repository/org/elasticsearch/elasticsearch-ssl-config/7.9.3/elasticsearch-ssl-config-7.9.3.jar:/Users/shelton/.m2/repository/org/elasticsearch/plugin/percolator-client/7.9.3/percolator-client-7.9.3.jar:/Users/shelton/.m2/repository/org/elasticsearch/plugin/transport-netty4-client/7.9.3/transport-netty4-client-7.9.3.jar:/Users/shelton/.m2/repository/io/netty/netty-buffer/4.1.97.Final/netty-buffer-4.1.97.Final.jar:/Users/shelton/.m2/repository/io/netty/netty-codec/4.1.97.Final/netty-codec-4.1.97.Final.jar:/Users/shelton/.m2/repository/io/netty/netty-codec-http/4.1.97.Final/netty-codec-http-4.1.97.Final.jar:/Users/shelton/.m2/repository/io/netty/netty-resolver/4.1.97.Final/netty-resolver-4.1.97.Final.jar:/Users/shelton/.m2/repository/com/fasterxml/jackson/core/jackson-core/2.15.2/jackson-core-2.15.2.jar:/Users/shelton/.m2/repository/com/fasterxml/jackson/core/jackson-databind/2.15.2/jackson-databind-2.15.2.jar:/Users/shelton/.m2/repository/com/fasterxml/jackson/core/jackson-annotations/2.15.2/jackson-annotations-2.15.2.jar:"/>
    <property name="sun.cpu.endian" value="little"/>
    <property name="user.home" value="/Users/shelton"/>
    <property name="user.language" value="en"/>
    <property name="java.specification.vendor" value="Oracle Corporation"/>
    <property name="java.version.date" value="2022-10-18"/>
    <property name="java.home" value="/Library/Java/JavaVirtualMachines/jdk-19.jdk/Contents/Home"/>
    <property name="file.separator" value="/"/>
    <property name="basedir" value="/Users/shelton/Documents/my-class/INFO7255/INFO7255/MedicalPlan"/>
    <property name="java.vm.compressedOopsMode" value="Zero based"/>
    <property name="line.separator" value="&#10;"/>
    <property name="java.vm.specification.vendor" value="Oracle Corporation"/>
    <property name="java.specification.name" value="Java Platform API Specification"/>
    <property name="FILE_LOG_CHARSET" value="UTF-8"/>
    <property name="java.awt.headless" value="true"/>
    <property name="apple.awt.application.name" value="ForkedBooter"/>
    <property name="surefire.real.class.path" value="/Users/shelton/Documents/my-class/INFO7255/INFO7255/MedicalPlan/target/surefire/surefirebooter-20231130175822764_3.jar"/>
    <property name="sun.management.compiler" value="HotSpot 64-Bit Tiered Compilers"/>
    <property name="ftp.nonProxyHosts" value="local|*.local|169.254/16|*.169.254/16"/>
    <property name="java.runtime.version" value="19.0.1+10-21"/>
    <property name="user.name" value="shelton"/>
    <property name="stdout.encoding" value="UTF-8"/>
    <property name="path.separator" value=":"/>
    <property name="os.version" value="14.1.1"/>
    <property name="java.runtime.name" value="Java(TM) SE Runtime Environment"/>
    <property name="file.encoding" value="UTF-8"/>
    <property name="java.vm.name" value="Java HotSpot(TM) 64-Bit Server VM"/>
    <property name="localRepository" value="/Users/shelton/.m2/repository"/>
    <property name="java.vendor.url.bug" value="https://bugreport.java.com/bugreport/"/>
    <property name="java.io.tmpdir" value="/var/folders/20/t7sfhdyd273d25r1jf_33hhw0000gn/T/"/>
    <property name="idea.version" value="2023.2.4"/>
    <property name="java.version" value="19.0.1"/>
    <property name="user.dir" value="/Users/shelton/Documents/my-class/INFO7255/INFO7255/MedicalPlan"/>
    <property name="os.arch" value="aarch64"/>
    <property name="java.vm.specification.name" value="Java Virtual Machine Specification"/>
    <property name="PID" value="57151"/>
    <property name="CONSOLE_LOG_CHARSET" value="UTF-8"/>
    <property name="native.encoding" value="UTF-8"/>
    <property name="java.library.path" value="/Users/shelton/Library/Java/Extensions:/Library/Java/Extensions:/Network/Library/Java/Extensions:/System/Library/Java/Extensions:/usr/lib/java:."/>
    <property name="java.vm.info" value="mixed mode, sharing"/>
    <property name="stderr.encoding" value="UTF-8"/>
    <property name="java.vendor" value="Oracle Corporation"/>
    <property name="java.vm.version" value="19.0.1+10-21"/>
    <property name="sun.io.unicode.encoding" value="UnicodeBig"/>
    <property name="socksNonProxyHosts" value="local|*.local|169.254/16|*.169.254/16"/>
    <property name="java.class.version" value="63.0"/>
  </properties>
  <testcase name="contextLoads" classname="com.shaofengLi.MedicalPlan.MedicalPlanApplicationTests" time="0.499">
    <system-out><![CDATA[17:58:23.150 [main] INFO org.springframework.test.context.support.AnnotationConfigContextLoaderUtils -- Could not detect default configuration classes for test class [com.shaofengLi.MedicalPlan.MedicalPlanApplicationTests]: MedicalPlanApplicationTests does not declare any static, non-private, non-final, nested classes annotated with @Configuration.
17:58:23.195 [main] INFO org.springframework.boot.test.context.SpringBootTestContextBootstrapper -- Found @SpringBootConfiguration com.shaofengLi.MedicalPlan.MedicalPlanApplication for test class com.shaofengLi.MedicalPlan.MedicalPlanApplicationTests

  .   ____          _            __ _ _
 /\\ / ___'_ __ _ _(_)_ __  __ _ \ \ \ \
( ( )\___ | '_ | '_| | '_ \/ _` | \ \ \ \
 \\/  ___)| |_)| | | | | || (_| |  ) ) ) )
  '  |____| .__|_| |_|_| |_\__, | / / / /
 =========|_|==============|___/=/_/_/_/
 :: Spring Boot ::                (v3.1.4)

2023-11-30T17:58:23.389-05:00  WARN 57151 --- [           main] ory$DuplicateJsonObjectContextCustomizer : 

Found multiple occurrences of org.json.JSONObject on the class path:

	jar:file:/Users/shelton/.m2/repository/com/vaadin/external/google/android-json/0.0.20131108.vaadin1/android-json-0.0.20131108.vaadin1.jar!/org/json/JSONObject.class
	jar:file:/Users/shelton/.m2/repository/org/json/json/20220320/json-20220320.jar!/org/json/JSONObject.class

You may wish to exclude one of them to ensure predictable runtime behavior

2023-11-30T17:58:23.400-05:00  INFO 57151 --- [           main] c.s.M.MedicalPlanApplicationTests        : Starting MedicalPlanApplicationTests using Java 19.0.1 with PID 57151 (started by shelton in /Users/shelton/Documents/my-class/INFO7255/INFO7255/MedicalPlan)
2023-11-30T17:58:23.401-05:00  INFO 57151 --- [           main] c.s.M.MedicalPlanApplicationTests        : No active profile set, falling back to 1 default profile: "default"
2023-11-30T17:58:23.707-05:00  INFO 57151 --- [           main] .s.d.r.c.RepositoryConfigurationDelegate : Multiple Spring Data modules found, entering strict repository configuration mode
2023-11-30T17:58:23.708-05:00  INFO 57151 --- [           main] .s.d.r.c.RepositoryConfigurationDelegate : Bootstrapping Spring Data Elasticsearch repositories in DEFAULT mode.
2023-11-30T17:58:23.718-05:00  INFO 57151 --- [           main] .s.d.r.c.RepositoryConfigurationDelegate : Finished Spring Data repository scanning in 7 ms. Found 0 Elasticsearch repository interfaces.
2023-11-30T17:58:23.728-05:00  INFO 57151 --- [           main] .s.d.r.c.RepositoryConfigurationDelegate : Multiple Spring Data modules found, entering strict repository configuration mode
2023-11-30T17:58:23.728-05:00  INFO 57151 --- [           main] .s.d.r.c.RepositoryConfigurationDelegate : Bootstrapping Spring Data Redis repositories in DEFAULT mode.
2023-11-30T17:58:23.733-05:00  INFO 57151 --- [           main] .s.d.r.c.RepositoryConfigurationDelegate : Finished Spring Data repository scanning in 1 ms. Found 0 Redis repository interfaces.
2023-11-30T17:58:24.285-05:00  INFO 57151 --- [           main] o.s.s.web.DefaultSecurityFilterChain     : Will secure any request with [org.springframework.security.web.session.DisableEncodeUrlFilter@255ed8e4, org.springframework.security.web.context.request.async.WebAsyncManagerIntegrationFilter@406ad6d5, org.springframework.security.web.context.SecurityContextHolderFilter@5bb7a59, org.springframework.security.web.header.HeaderWriterFilter@6cd45b6c, org.springframework.security.web.csrf.CsrfFilter@1da75dde, org.springframework.security.web.authentication.logout.LogoutFilter@1d3d76b4, org.springframework.security.oauth2.server.resource.web.authentication.BearerTokenAuthenticationFilter@1d4cc7, org.springframework.security.web.savedrequest.RequestCacheAwareFilter@2a2b7a35, org.springframework.security.web.servletapi.SecurityContextHolderAwareRequestFilter@6e321d9d, org.springframework.security.web.authentication.AnonymousAuthenticationFilter@2a7bc16b, org.springframework.security.web.access.ExceptionTranslationFilter@259195fe, org.springframework.security.web.access.intercept.AuthorizationFilter@1182d1df]
2023-11-30T17:58:24.302-05:00  WARN 57151 --- [           main] o.s.data.convert.CustomConversions       : Registering converter from class org.springframework.data.geo.Point to interface java.util.Map as writing converter although it doesn't convert to a store-supported type; You might want to check your annotation setup at the converter implementation
2023-11-30T17:58:24.302-05:00  WARN 57151 --- [           main] o.s.data.convert.CustomConversions       : Registering converter from interface java.util.Map to class org.springframework.data.geo.Point as reading converter although it doesn't convert from a store-supported type; You might want to check your annotation setup at the converter implementation
2023-11-30T17:58:24.302-05:00  WARN 57151 --- [           main] o.s.data.convert.CustomConversions       : Registering converter from class org.springframework.data.elasticsearch.core.geo.GeoPoint to interface java.util.Map as writing converter although it doesn't convert to a store-supported type; You might want to check your annotation setup at the converter implementation
2023-11-30T17:58:24.302-05:00  WARN 57151 --- [           main] o.s.data.convert.CustomConversions       : Registering converter from interface java.util.Map to class org.springframework.data.elasticsearch.core.geo.GeoPoint as reading converter although it doesn't convert from a store-supported type; You might want to check your annotation setup at the converter implementation
2023-11-30T17:58:24.302-05:00  WARN 57151 --- [           main] o.s.data.convert.CustomConversions       : Registering converter from interface org.springframework.data.elasticsearch.core.geo.GeoJson to interface java.util.Map as writing converter although it doesn't convert to a store-supported type; You might want to check your annotation setup at the converter implementation
2023-11-30T17:58:24.302-05:00  WARN 57151 --- [           main] o.s.data.convert.CustomConversions       : Registering converter from interface java.util.Map to interface org.springframework.data.elasticsearch.core.geo.GeoJson as reading converter although it doesn't convert from a store-supported type; You might want to check your annotation setup at the converter implementation
2023-11-30T17:58:24.302-05:00  WARN 57151 --- [           main] o.s.data.convert.CustomConversions       : Registering converter from class org.springframework.data.elasticsearch.core.geo.GeoJsonPoint to interface java.util.Map as writing converter although it doesn't convert to a store-supported type; You might want to check your annotation setup at the converter implementation
2023-11-30T17:58:24.302-05:00  WARN 57151 --- [           main] o.s.data.convert.CustomConversions       : Registering converter from interface java.util.Map to class org.springframework.data.elasticsearch.core.geo.GeoJsonPoint as reading converter although it doesn't convert from a store-supported type; You might want to check your annotation setup at the converter implementation
2023-11-30T17:58:24.302-05:00  WARN 57151 --- [           main] o.s.data.convert.CustomConversions       : Registering converter from class org.springframework.data.elasticsearch.core.geo.GeoJsonMultiPoint to interface java.util.Map as writing converter although it doesn't convert to a store-supported type; You might want to check your annotation setup at the converter implementation
2023-11-30T17:58:24.303-05:00  WARN 57151 --- [           main] o.s.data.convert.CustomConversions       : Registering converter from interface java.util.Map to class org.springframework.data.elasticsearch.core.geo.GeoJsonMultiPoint as reading converter although it doesn't convert from a store-supported type; You might want to check your annotation setup at the converter implementation
2023-11-30T17:58:24.303-05:00  WARN 57151 --- [           main] o.s.data.convert.CustomConversions       : Registering converter from class org.springframework.data.elasticsearch.core.geo.GeoJsonLineString to interface java.util.Map as writing converter although it doesn't convert to a store-supported type; You might want to check your annotation setup at the converter implementation
2023-11-30T17:58:24.303-05:00  WARN 57151 --- [           main] o.s.data.convert.CustomConversions       : Registering converter from interface java.util.Map to class org.springframework.data.elasticsearch.core.geo.GeoJsonLineString as reading converter although it doesn't convert from a store-supported type; You might want to check your annotation setup at the converter implementation
2023-11-30T17:58:24.303-05:00  WARN 57151 --- [           main] o.s.data.convert.CustomConversions       : Registering converter from class org.springframework.data.elasticsearch.core.geo.GeoJsonMultiLineString to interface java.util.Map as writing converter although it doesn't convert to a store-supported type; You might want to check your annotation setup at the converter implementation
2023-11-30T17:58:24.303-05:00  WARN 57151 --- [           main] o.s.data.convert.CustomConversions       : Registering converter from interface java.util.Map to class org.springframework.data.elasticsearch.core.geo.GeoJsonMultiLineString as reading converter although it doesn't convert from a store-supported type; You might want to check your annotation setup at the converter implementation
2023-11-30T17:58:24.303-05:00  WARN 57151 --- [           main] o.s.data.convert.CustomConversions       : Registering converter from class org.springframework.data.elasticsearch.core.geo.GeoJsonPolygon to interface java.util.Map as writing converter although it doesn't convert to a store-supported type; You might want to check your annotation setup at the converter implementation
2023-11-30T17:58:24.303-05:00  WARN 57151 --- [           main] o.s.data.convert.CustomConversions       : Registering converter from interface java.util.Map to class org.springframework.data.elasticsearch.core.geo.GeoJsonPolygon as reading converter although it doesn't convert from a store-supported type; You might want to check your annotation setup at the converter implementation
2023-11-30T17:58:24.303-05:00  WARN 57151 --- [           main] o.s.data.convert.CustomConversions       : Registering converter from class org.springframework.data.elasticsearch.core.geo.GeoJsonMultiPolygon to interface java.util.Map as writing converter although it doesn't convert to a store-supported type; You might want to check your annotation setup at the converter implementation
2023-11-30T17:58:24.303-05:00  WARN 57151 --- [           main] o.s.data.convert.CustomConversions       : Registering converter from interface java.util.Map to class org.springframework.data.elasticsearch.core.geo.GeoJsonMultiPolygon as reading converter although it doesn't convert from a store-supported type; You might want to check your annotation setup at the converter implementation
2023-11-30T17:58:24.303-05:00  WARN 57151 --- [           main] o.s.data.convert.CustomConversions       : Registering converter from class org.springframework.data.elasticsearch.core.geo.GeoJsonGeometryCollection to interface java.util.Map as writing converter although it doesn't convert to a store-supported type; You might want to check your annotation setup at the converter implementation
2023-11-30T17:58:24.303-05:00  WARN 57151 --- [           main] o.s.data.convert.CustomConversions       : Registering converter from interface java.util.Map to class org.springframework.data.elasticsearch.core.geo.GeoJsonGeometryCollection as reading converter although it doesn't convert from a store-supported type; You might want to check your annotation setup at the converter implementation
2023-11-30T17:58:24.387-05:00  WARN 57151 --- [           main] org.elasticsearch.client.RestClient      : request [GET http://localhost:9200/] returned 1 warnings: [299 Elasticsearch-7.17.15-0b8ecfb4378335f4689c4223d1f1115f16bef3ba "Elasticsearch built-in security features are not enabled. Without authentication, your cluster could be accessible to anyone. See https://www.elastic.co/guide/en/elasticsearch/reference/7.17/security-minimal-setup.html to enable security."]
2023-11-30T17:58:24.408-05:00  INFO 57151 --- [           main] o.s.d.elasticsearch.support.VersionInfo  : Version Spring Data Elasticsearch: 4.1.3
2023-11-30T17:58:24.409-05:00  INFO 57151 --- [           main] o.s.d.elasticsearch.support.VersionInfo  : Version Elasticsearch Client in build: 7.9.3
2023-11-30T17:58:24.409-05:00  INFO 57151 --- [           main] o.s.d.elasticsearch.support.VersionInfo  : Version Elasticsearch Client used: 7.12.0
2023-11-30T17:58:24.409-05:00  WARN 57151 --- [           main] o.s.d.elasticsearch.support.VersionInfo  : Version mismatch in between Elasticsearch Clients build/use: 7.9.3 - 7.12.0
2023-11-30T17:58:24.409-05:00  INFO 57151 --- [           main] o.s.d.elasticsearch.support.VersionInfo  : Version Elasticsearch cluster: 7.17.15
2023-11-30T17:58:24.409-05:00  WARN 57151 --- [           main] o.s.d.elasticsearch.support.VersionInfo  : Version mismatch in between Elasticsearch Client and Cluster: 7.12.0 - 7.17.15
2023-11-30T17:58:24.814-05:00  INFO 57151 --- [           main] o.s.a.r.c.CachingConnectionFactory       : Attempting to connect to: [localhost:5672]
2023-11-30T17:58:24.900-05:00  INFO 57151 --- [           main] o.s.a.r.c.CachingConnectionFactory       : Created new connection: rabbitConnectionFactory#2be818da:0/SimpleConnection@96dfcbb [delegate=amqp://guest@127.0.0.1:5672/, localPort=57355]
2023-11-30T17:58:24.904-05:00  INFO 57151 --- [           main] o.s.amqp.rabbit.core.RabbitAdmin         : Auto-declaring a non-durable, auto-delete, or exclusive Queue (indexing-queue) durable:false, auto-delete:false, exclusive:false. It will be redeclared if the broker stops and is restarted while the connection factory is alive, but all messages will be lost.
Received <{body={

	"planCostShares": {
		"deductible": 2000,
		"_org": "example.com",
		"copay": 23,
		"objectId": "1234vxc2324sdf-501",
		"objectType": "membercostshare"
		
	},
	"linkedPlanServices": [{
		"linkedService": {
			"_org": "example.com",
			"objectId": "1234520xvc30asdf-502",
			"objectType": "service",
			"name": "Yearly physical"
		},
		"planserviceCostShares": {
			"deductible": 10,
			"_org": "example.com",
			"copay": 0,
			"objectId": "1234512xvc1314asdfs-503",
			"objectType": "membercostshare"
		},
		"_org": "example.com",
		"objectId": "27283xvx9asdff-504",
		"objectType": "planservice"
	}, {
		"linkedService": {
			"_org": "example.com",
			"objectId": "1234520xvc30sfs-505",
			"objectType": "service",
			"name": "well baby"
		},
		"planserviceCostShares": {
			"deductible": 10,
			"_org": "example.com",
			"copay": 175,
			"objectId": "1234512xvc1314sdfsd-506",
			"objectType": "membercostshare"
		},
		
		"_org": "example.com",
		
		"objectId": "27283xvx9sdf-507",
		"objectType": "planservice"
	}],


	"_org": "example.com",
	"objectId": "12xvxc345ssdsds-508",
	"objectType": "plan",
	"planType": "inNetwork",
	"creationDate": "12-12-2017"
}, operation=create}>
2023-11-30T17:58:24.933-05:00  INFO 57151 --- [           main] c.s.M.MedicalPlanApplicationTests        : Started MedicalPlanApplicationTests in 1.663 seconds (process running for 2.106)
2023-11-30T17:58:24.963-05:00  WARN 57151 --- [    container-1] org.elasticsearch.client.RestClient      : request [HEAD http://localhost:9200/plan-index?ignore_throttled=false&ignore_unavailable=false&expand_wildcards=open%2Cclosed&allow_no_indices=false] returned 2 warnings: [299 Elasticsearch-7.17.15-0b8ecfb4378335f4689c4223d1f1115f16bef3ba "Elasticsearch built-in security features are not enabled. Without authentication, your cluster could be accessible to anyone. See https://www.elastic.co/guide/en/elasticsearch/reference/7.17/security-minimal-setup.html to enable security."],[299 Elasticsearch-7.17.15-0b8ecfb4378335f4689c4223d1f1115f16bef3ba "[ignore_throttled] parameter is deprecated because frozen indices have been deprecated. Consider cold or frozen tiers in place of frozen indices."]
2023-11-30T17:58:25.308-05:00  WARN 57151 --- [    container-1] org.elasticsearch.client.RestClient      : request [PUT http://localhost:9200/plan-index?master_timeout=30s&timeout=30s] returned 1 warnings: [299 Elasticsearch-7.17.15-0b8ecfb4378335f4689c4223d1f1115f16bef3ba "Elasticsearch built-in security features are not enabled. Without authentication, your cluster could be accessible to anyone. See https://www.elastic.co/guide/en/elasticsearch/reference/7.17/security-minimal-setup.html to enable security."]
Index Creation:true
{deductible=2000, _org=example.com, copay=23, plan_join={parent=12xvxc345ssdsds-508, name=planCostShares}, objectId=1234vxc2324sdf-501, objectType=membercostshare}
{name=Yearly physical, _org=example.com, plan_join={parent=27283xvx9asdff-504, name=linkedService}, objectId=1234520xvc30asdf-502, objectType=service}
{deductible=10, _org=example.com, copay=0, plan_join={parent=27283xvx9asdff-504, name=planserviceCostShares}, objectId=1234512xvc1314asdfs-503, objectType=membercostshare}
{_org=example.com, plan_join={parent=12xvxc345ssdsds-508, name=linkedPlanServices}, objectId=27283xvx9asdff-504, objectType=planservice}
{name=well baby, _org=example.com, plan_join={parent=27283xvx9sdf-507, name=linkedService}, objectId=1234520xvc30sfs-505, objectType=service}
{deductible=10, _org=example.com, copay=175, plan_join={parent=27283xvx9sdf-507, name=planserviceCostShares}, objectId=1234512xvc1314sdfsd-506, objectType=membercostshare}
{_org=example.com, plan_join={parent=12xvxc345ssdsds-508, name=linkedPlanServices}, objectId=27283xvx9sdf-507, objectType=planservice}
{planType=inNetwork, _org=example.com, creationDate=12-12-2017, plan_join=plan, objectId=12xvxc345ssdsds-508, objectType=plan}
]]></system-out>
  </testcase>
</testsuite>